[01m[K/home/robo/RoboFEI-HT_2023_SOFTWARE/src/control/src/neck_control.cpp:[m[K In member function â€˜[01m[Kvoid NeckNode::main_callback()[m[Kâ€™:
[01m[K/home/robo/RoboFEI-HT_2023_SOFTWARE/src/control/src/neck_control.cpp:150:3:[m[K [01;31m[Kerror: [m[Kcase label â€˜[01m[KState::search_ball[m[Kâ€™ not within a switch statement
  150 |   [01;31m[Kcase[m[K State::search_ball:
      |   [01;31m[K^~~~[m[K
[01m[K/home/robo/RoboFEI-HT_2023_SOFTWARE/src/control/src/neck_control.cpp:153:5:[m[K [01;31m[Kerror: [m[Kbreak statement not within loop or switch
  153 |     [01;31m[Kbreak[m[K;
      |     [01;31m[K^~~~~[m[K
gmake[2]: *** [CMakeFiles/neck_control.dir/build.make:76: CMakeFiles/neck_control.dir/src/neck_control.cpp.o] Error 1
gmake[1]: *** [CMakeFiles/Makefile2:199: CMakeFiles/neck_control.dir/all] Error 2
gmake: *** [Makefile:146: all] Error 2
