[0.029s] Invoking command in '/home/robo/RoboFEI-HT_2023_SOFTWARE/build/control': CMAKE_PREFIX_PATH=/home/robo/RoboFEI-HT_2023_SOFTWARE/install/serial:/home/robo/RoboFEI-HT_2023_SOFTWARE/install/custom_interfaces:/home/robo/RoboFEI-HT_2023_SOFTWARE/install/um7:/home/robo/RoboFEI-HT_2023_SOFTWARE/install/robot_bringup:/home/robo/RoboFEI-HT_2023_SOFTWARE/install/control:/home/robo/RoboFEI-HT_2023_SOFTWARE/install/motors_pkg:/home/robo/RoboFEI-HT_2023_SOFTWARE/install/gui:/home/robo/RoboFEI-HT_2023_SOFTWARE/install/decision_pkg_cpp:/home/robo/RoboFEI-HT_2023_SOFTWARE/install/vision_pkg:/home/robo/RoboFEI-HT_2023_SOFTWARE/install/localization_pkg:/home/robo/RoboFEI-HT_2023_SOFTWARE/install/imu:/home/robo/RoboFEI-HT_2023_SOFTWARE/install/game_controller:/home/robo/RoboFEI-HT_2023_SOFTWARE/install/decision_pkg:/opt/ros/humble LD_LIBRARY_PATH=/home/robo/RoboFEI-HT_2023_SOFTWARE/install/custom_interfaces/lib:/home/robo/RoboFEI-HT_2023_SOFTWARE/install/um7/lib:/home/robo/RoboFEI-HT_2023_SOFTWARE/install/control/lib:/home/robo/RoboFEI-HT_2023_SOFTWARE/install/serial/lib:/opt/ros/humble/opt/rviz_ogre_vendor/lib:/opt/ros/humble/lib/x86_64-linux-gnu:/opt/ros/humble/lib /usr/bin/cmake --build /home/robo/RoboFEI-HT_2023_SOFTWARE/build/control -- -j8 -l8
[0.246s] [35m[1mConsolidate compiler generated dependencies of target neck_control[0m
[0.247s] [ 11%] Built target control
[0.247s] [ 14%] Built target decision
[0.247s] [ 22%] Built target gait_publisher
[0.247s] [ 29%] Built target robot_joy_control
[0.247s] [ 92%] Built target motion
[0.247s] [ 96%] [32mBuilding CXX object CMakeFiles/neck_control.dir/src/neck_control.cpp.o[0m
[1.909s] [01m[K/home/robo/RoboFEI-HT_2023_SOFTWARE/src/control/src/neck_control.cpp:[m[K In member function â€˜[01m[Kvoid NeckNode::main_callback()[m[Kâ€™:
[1.909s] [01m[K/home/robo/RoboFEI-HT_2023_SOFTWARE/src/control/src/neck_control.cpp:150:3:[m[K [01;31m[Kerror: [m[Kcase label â€˜[01m[KState::search_ball[m[Kâ€™ not within a switch statement
[1.909s]   150 |   [01;31m[Kcase[m[K State::search_ball:
[1.909s]       |   [01;31m[K^~~~[m[K
[1.910s] [01m[K/home/robo/RoboFEI-HT_2023_SOFTWARE/src/control/src/neck_control.cpp:153:5:[m[K [01;31m[Kerror: [m[Kbreak statement not within loop or switch
[1.910s]   153 |     [01;31m[Kbreak[m[K;
[1.910s]       |     [01;31m[K^~~~~[m[K
[4.762s] gmake[2]: *** [CMakeFiles/neck_control.dir/build.make:76: CMakeFiles/neck_control.dir/src/neck_control.cpp.o] Error 1
[4.762s] gmake[1]: *** [CMakeFiles/Makefile2:199: CMakeFiles/neck_control.dir/all] Error 2
[4.762s] gmake: *** [Makefile:146: all] Error 2
[4.764s] Invoked command in '/home/robo/RoboFEI-HT_2023_SOFTWARE/build/control' returned '2': CMAKE_PREFIX_PATH=/home/robo/RoboFEI-HT_2023_SOFTWARE/install/serial:/home/robo/RoboFEI-HT_2023_SOFTWARE/install/custom_interfaces:/home/robo/RoboFEI-HT_2023_SOFTWARE/install/um7:/home/robo/RoboFEI-HT_2023_SOFTWARE/install/robot_bringup:/home/robo/RoboFEI-HT_2023_SOFTWARE/install/control:/home/robo/RoboFEI-HT_2023_SOFTWARE/install/motors_pkg:/home/robo/RoboFEI-HT_2023_SOFTWARE/install/gui:/home/robo/RoboFEI-HT_2023_SOFTWARE/install/decision_pkg_cpp:/home/robo/RoboFEI-HT_2023_SOFTWARE/install/vision_pkg:/home/robo/RoboFEI-HT_2023_SOFTWARE/install/localization_pkg:/home/robo/RoboFEI-HT_2023_SOFTWARE/install/imu:/home/robo/RoboFEI-HT_2023_SOFTWARE/install/game_controller:/home/robo/RoboFEI-HT_2023_SOFTWARE/install/decision_pkg:/opt/ros/humble LD_LIBRARY_PATH=/home/robo/RoboFEI-HT_2023_SOFTWARE/install/custom_interfaces/lib:/home/robo/RoboFEI-HT_2023_SOFTWARE/install/um7/lib:/home/robo/RoboFEI-HT_2023_SOFTWARE/install/control/lib:/home/robo/RoboFEI-HT_2023_SOFTWARE/install/serial/lib:/opt/ros/humble/opt/rviz_ogre_vendor/lib:/opt/ros/humble/lib/x86_64-linux-gnu:/opt/ros/humble/lib /usr/bin/cmake --build /home/robo/RoboFEI-HT_2023_SOFTWARE/build/control -- -j8 -l8
