[  7%] Built target robot_joy_control
[ 14%] Built target neck_control
[ 18%] [32mBuilding CXX object CMakeFiles/control.dir/src/control.cpp.o[0m
[ 25%] Built target gait_publisher
[ 33%] Built target decision
[ 96%] Built target motion
[01m[K/home/robo/RoboFEI-HT_2023_SOFTWARE/src/control/src/control.cpp:499:2:[m[K [01;31m[Kerror: [m[Kexpected â€˜[01m[K}[m[Kâ€™ at end of input
  499 | }
      |  [01;31m[K^[m[K
[01m[K/home/robo/RoboFEI-HT_2023_SOFTWARE/src/control/src/control.cpp:78:1:[m[K [01;36m[Knote: [m[Kto match this â€˜[01m[K{[m[Kâ€™
   78 | [01;36m[K{[m[K
      | [01;36m[K^[m[K
[01m[K/home/robo/RoboFEI-HT_2023_SOFTWARE/src/control/src/control.cpp:[m[K In constructor â€˜[01m[KControl::Control()[m[Kâ€™:
[01m[K/home/robo/RoboFEI-HT_2023_SOFTWARE/src/control/src/control.cpp:97:5:[m[K [01;31m[Kerror: [m[Kâ€˜[01m[Ksubscriber_fase_zero[m[Kâ€™ was not declared in this scope
   97 |     [01;31m[Ksubscriber_fase_zero[m[K = this->create_subscription<std_msgs::msg::Bool>("/fase_zero", 1, std::bind(&Control::topic_callback_fase, this, _1));
      |     [01;31m[K^~~~~~~~~~~~~~~~~~~~[m[K
[01m[K/home/robo/RoboFEI-HT_2023_SOFTWARE/src/control/src/control.cpp:100:5:[m[K [01;31m[Kerror: [m[Kâ€˜[01m[Kpubisher_body_joints_[m[Kâ€™ was not declared in this scope
  100 |     [01;31m[Kpubisher_body_joints_[m[K = this->create_publisher<JointStateMsg>("set_joint_topic", 10);
      |     [01;31m[K^~~~~~~~~~~~~~~~~~~~~[m[K
[01m[K/home/robo/RoboFEI-HT_2023_SOFTWARE/src/control/src/control.cpp:101:5:[m[K [01;31m[Kerror: [m[Kâ€˜[01m[Kpublisher_walk[m[Kâ€™ was not declared in this scope
  101 |     [01;31m[Kpublisher_walk[m[K = this->create_publisher<custom_interfaces::msg::Walk>("walking", 10);
      |     [01;31m[K^~~~~~~~~~~~~~[m[K
[01m[K/home/robo/RoboFEI-HT_2023_SOFTWARE/src/control/src/control.cpp:102:5:[m[K [01;31m[Kerror: [m[Kâ€˜[01m[Kpublisher_atual_move[m[Kâ€™ was not declared in this scope
  102 |     [01;31m[Kpublisher_atual_move[m[K = this->create_publisher<intMsg>("move_running", 10);
      |     [01;31m[K^~~~~~~~~~~~~~~~~~~~[m[K
[01m[K/home/robo/RoboFEI-HT_2023_SOFTWARE/src/control/src/control.cpp:106:11:[m[K [01;31m[Kerror: [m[Kâ€˜[01m[Kclass Control[m[Kâ€™ has no member named â€˜[01m[Kaction_server_[m[Kâ€™
  106 |     this->[01;31m[Kaction_server_[m[K = rclcpp_action::create_server<Control_action>(
      |           [01;31m[K^~~~~~~~~~~~~~[m[K
[01m[K/home/robo/RoboFEI-HT_2023_SOFTWARE/src/control/src/control.cpp:[m[K In member function â€˜[01m[Kvoid Control::choose_movement(int)[m[Kâ€™:
[01m[K/home/robo/RoboFEI-HT_2023_SOFTWARE/src/control/src/control.cpp:318:7:[m[K [01;31m[Kerror: [m[Kâ€˜[01m[Kpublisher_atual_move[m[Kâ€™ was not declared in this scope
  318 |       [01;31m[Kpublisher_atual_move[m[K->publish(atualMove);
      |       [01;31m[K^~~~~~~~~~~~~~~~~~~~[m[K
[01m[K/home/robo/RoboFEI-HT_2023_SOFTWARE/src/control/src/control.cpp:[m[K In member function â€˜[01m[Kvoid Control::execute(std::shared_ptr<rclcpp_action::ServerGoalHandle<custom_interfaces::action::Control> >)[m[Kâ€™:
[01m[K/home/robo/RoboFEI-HT_2023_SOFTWARE/src/control/src/control.cpp:357:11:[m[K [01;31m[Kerror: [m[Kâ€˜[01m[Kpubisher_body_joints_[m[Kâ€™ was not declared in this scope
  357 |           [01;31m[Kpubisher_body_joints_[m[K->publish(setJointInfoMsg);
      |           [01;31m[K^~~~~~~~~~~~~~~~~~~~~[m[K
[01m[K/home/robo/RoboFEI-HT_2023_SOFTWARE/src/control/src/control.cpp:382:15:[m[K [01;31m[Kerror: [m[Kâ€˜[01m[Kpublisher_walk[m[Kâ€™ was not declared in this scope
  382 |               [01;31m[Kpublisher_walk[m[K->publish(message_walk);
      |               [01;31m[K^~~~~~~~~~~~~~[m[K
[01m[K/home/robo/RoboFEI-HT_2023_SOFTWARE/src/control/src/control.cpp:388:17:[m[K [01;31m[Kerror: [m[Kâ€˜[01m[Kpublisher_walk[m[Kâ€™ was not declared in this scope
  388 |                 [01;31m[Kpublisher_walk[m[K->publish(message_walk);
      |                 [01;31m[K^~~~~~~~~~~~~~[m[K
[01m[K/home/robo/RoboFEI-HT_2023_SOFTWARE/src/control/src/control.cpp:[m[K At global scope:
[01m[K/home/robo/RoboFEI-HT_2023_SOFTWARE/src/control/src/control.cpp:499:2:[m[K [01;31m[Kerror: [m[Kexpected unqualified-id at end of input
  499 | }
      |  [01;31m[K^[m[K
gmake[2]: *** [CMakeFiles/control.dir/build.make:76: CMakeFiles/control.dir/src/control.cpp.o] Error 1
gmake[1]: *** [CMakeFiles/Makefile2:251: CMakeFiles/control.dir/all] Error 2
gmake: *** [Makefile:146: all] Error 2
