[0.022s] Invoking command in '/home/robo/RoboFEI-HT_2023_SOFTWARE/build/control': CMAKE_PREFIX_PATH=/home/robo/RoboFEI-HT_2023_SOFTWARE/install/serial:/home/robo/RoboFEI-HT_2023_SOFTWARE/install/custom_interfaces:/home/robo/RoboFEI-HT_2023_SOFTWARE/install/um7:/home/robo/RoboFEI-HT_2023_SOFTWARE/install/robot_bringup:/home/robo/RoboFEI-HT_2023_SOFTWARE/install/control:/home/robo/RoboFEI-HT_2023_SOFTWARE/install/motors_pkg:/home/robo/RoboFEI-HT_2023_SOFTWARE/install/gui:/home/robo/RoboFEI-HT_2023_SOFTWARE/install/decision_pkg_cpp:/home/robo/RoboFEI-HT_2023_SOFTWARE/install/vision_pkg:/home/robo/RoboFEI-HT_2023_SOFTWARE/install/localization_pkg:/home/robo/RoboFEI-HT_2023_SOFTWARE/install/imu:/home/robo/RoboFEI-HT_2023_SOFTWARE/install/game_controller:/home/robo/RoboFEI-HT_2023_SOFTWARE/install/decision_pkg:/opt/ros/humble LD_LIBRARY_PATH=/home/robo/RoboFEI-HT_2023_SOFTWARE/install/custom_interfaces/lib:/home/robo/RoboFEI-HT_2023_SOFTWARE/install/um7/lib:/home/robo/RoboFEI-HT_2023_SOFTWARE/install/control/lib:/home/robo/RoboFEI-HT_2023_SOFTWARE/install/serial/lib:/opt/ros/humble/opt/rviz_ogre_vendor/lib:/opt/ros/humble/lib/x86_64-linux-gnu:/opt/ros/humble/lib /usr/bin/cmake --build /home/robo/RoboFEI-HT_2023_SOFTWARE/build/control -- -j8 -l8
[0.313s] [  7%] Built target robot_joy_control
[0.314s] [ 22%] Built target neck_control
[0.314s] [ 77%] Built target motion
[0.314s] [35m[1mConsolidate compiler generated dependencies of target control[0m
[0.314s] [ 85%] Built target gait_publisher
[0.315s] [ 92%] Built target decision
[0.315s] [ 96%] [32mBuilding CXX object CMakeFiles/control.dir/src/control.cpp.o[0m
[2.266s] [01m[K/home/robo/RoboFEI-HT_2023_SOFTWARE/src/control/src/control.cpp:[m[K In constructor â€˜[01m[KControl::Control()[m[Kâ€™:
[2.266s] [01m[K/home/robo/RoboFEI-HT_2023_SOFTWARE/src/control/src/control.cpp:97:5:[m[K [01;31m[Kerror: [m[Kâ€˜[01m[Ksubscriber_fase_zero[m[Kâ€™ was not declared in this scope
[2.266s]    97 |     [01;31m[Ksubscriber_fase_zero[m[K = this->create_subscription<std_msgs::msg::Bool>("/fase_zero", 1, std::bind(&Control::topic_callback_fase, this, _1));
[2.266s]       |     [01;31m[K^~~~~~~~~~~~~~~~~~~~[m[K
[2.309s] [01m[K/home/robo/RoboFEI-HT_2023_SOFTWARE/src/control/src/control.cpp:100:5:[m[K [01;31m[Kerror: [m[Kâ€˜[01m[Kpubisher_body_joints_[m[Kâ€™ was not declared in this scope
[2.309s]   100 |     [01;31m[Kpubisher_body_joints_[m[K = this->create_publisher<JointStateMsg>("set_joint_topic", 10);
[2.310s]       |     [01;31m[K^~~~~~~~~~~~~~~~~~~~~[m[K
[2.316s] [01m[K/home/robo/RoboFEI-HT_2023_SOFTWARE/src/control/src/control.cpp:101:5:[m[K [01;31m[Kerror: [m[Kâ€˜[01m[Kpublisher_walk[m[Kâ€™ was not declared in this scope
[2.316s]   101 |     [01;31m[Kpublisher_walk[m[K = this->create_publisher<custom_interfaces::msg::Walk>("walking", 10);
[2.316s]       |     [01;31m[K^~~~~~~~~~~~~~[m[K
[2.327s] [01m[K/home/robo/RoboFEI-HT_2023_SOFTWARE/src/control/src/control.cpp:102:5:[m[K [01;31m[Kerror: [m[Kâ€˜[01m[Kpublisher_atual_move[m[Kâ€™ was not declared in this scope
[2.327s]   102 |     [01;31m[Kpublisher_atual_move[m[K = this->create_publisher<intMsg>("move_running", 10);
[2.327s]       |     [01;31m[K^~~~~~~~~~~~~~~~~~~~[m[K
[2.329s] [01m[K/home/robo/RoboFEI-HT_2023_SOFTWARE/src/control/src/control.cpp:106:11:[m[K [01;31m[Kerror: [m[Kâ€˜[01m[Kclass Control[m[Kâ€™ has no member named â€˜[01m[Kaction_server_[m[Kâ€™
[2.329s]   106 |     this->[01;31m[Kaction_server_[m[K = rclcpp_action::create_server<Control_action>(
[2.329s]       |           [01;31m[K^~~~~~~~~~~~~~[m[K
[2.381s] [01m[K/home/robo/RoboFEI-HT_2023_SOFTWARE/src/control/src/control.cpp:[m[K In member function â€˜[01m[Kvoid Control::choose_movement(int)[m[Kâ€™:
[2.381s] [01m[K/home/robo/RoboFEI-HT_2023_SOFTWARE/src/control/src/control.cpp:318:7:[m[K [01;31m[Kerror: [m[Kâ€˜[01m[Kpublisher_atual_move[m[Kâ€™ was not declared in this scope
[2.382s]   318 |       [01;31m[Kpublisher_atual_move[m[K->publish(atualMove);
[2.382s]       |       [01;31m[K^~~~~~~~~~~~~~~~~~~~[m[K
[2.397s] [01m[K/home/robo/RoboFEI-HT_2023_SOFTWARE/src/control/src/control.cpp:[m[K In member function â€˜[01m[Kvoid Control::execute(std::shared_ptr<rclcpp_action::ServerGoalHandle<custom_interfaces::action::Control> >)[m[Kâ€™:
[2.397s] [01m[K/home/robo/RoboFEI-HT_2023_SOFTWARE/src/control/src/control.cpp:357:11:[m[K [01;31m[Kerror: [m[Kâ€˜[01m[Kpubisher_body_joints_[m[Kâ€™ was not declared in this scope
[2.397s]   357 |           [01;31m[Kpubisher_body_joints_[m[K->publish(setJointInfoMsg);
[2.398s]       |           [01;31m[K^~~~~~~~~~~~~~~~~~~~~[m[K
[2.406s] [01m[K/home/robo/RoboFEI-HT_2023_SOFTWARE/src/control/src/control.cpp:382:15:[m[K [01;31m[Kerror: [m[Kâ€˜[01m[Kpublisher_walk[m[Kâ€™ was not declared in this scope
[2.406s]   382 |               [01;31m[Kpublisher_walk[m[K->publish(message_walk);
[2.406s]       |               [01;31m[K^~~~~~~~~~~~~~[m[K
[2.412s] [01m[K/home/robo/RoboFEI-HT_2023_SOFTWARE/src/control/src/control.cpp:388:17:[m[K [01;31m[Kerror: [m[Kâ€˜[01m[Kpublisher_walk[m[Kâ€™ was not declared in this scope
[2.412s]   388 |                 [01;31m[Kpublisher_walk[m[K->publish(message_walk);
[2.412s]       |                 [01;31m[K^~~~~~~~~~~~~~[m[K
[4.666s] gmake[2]: *** [CMakeFiles/control.dir/build.make:76: CMakeFiles/control.dir/src/control.cpp.o] Error 1
[4.666s] gmake[1]: *** [CMakeFiles/Makefile2:251: CMakeFiles/control.dir/all] Error 2
[4.666s] gmake: *** [Makefile:146: all] Error 2
[4.668s] Invoked command in '/home/robo/RoboFEI-HT_2023_SOFTWARE/build/control' returned '2': CMAKE_PREFIX_PATH=/home/robo/RoboFEI-HT_2023_SOFTWARE/install/serial:/home/robo/RoboFEI-HT_2023_SOFTWARE/install/custom_interfaces:/home/robo/RoboFEI-HT_2023_SOFTWARE/install/um7:/home/robo/RoboFEI-HT_2023_SOFTWARE/install/robot_bringup:/home/robo/RoboFEI-HT_2023_SOFTWARE/install/control:/home/robo/RoboFEI-HT_2023_SOFTWARE/install/motors_pkg:/home/robo/RoboFEI-HT_2023_SOFTWARE/install/gui:/home/robo/RoboFEI-HT_2023_SOFTWARE/install/decision_pkg_cpp:/home/robo/RoboFEI-HT_2023_SOFTWARE/install/vision_pkg:/home/robo/RoboFEI-HT_2023_SOFTWARE/install/localization_pkg:/home/robo/RoboFEI-HT_2023_SOFTWARE/install/imu:/home/robo/RoboFEI-HT_2023_SOFTWARE/install/game_controller:/home/robo/RoboFEI-HT_2023_SOFTWARE/install/decision_pkg:/opt/ros/humble LD_LIBRARY_PATH=/home/robo/RoboFEI-HT_2023_SOFTWARE/install/custom_interfaces/lib:/home/robo/RoboFEI-HT_2023_SOFTWARE/install/um7/lib:/home/robo/RoboFEI-HT_2023_SOFTWARE/install/control/lib:/home/robo/RoboFEI-HT_2023_SOFTWARE/install/serial/lib:/opt/ros/humble/opt/rviz_ogre_vendor/lib:/opt/ros/humble/lib/x86_64-linux-gnu:/opt/ros/humble/lib /usr/bin/cmake --build /home/robo/RoboFEI-HT_2023_SOFTWARE/build/control -- -j8 -l8
