[ 25%] [32mBuilding CXX object CMakeFiles/robot_behavior.dir/src/robot_behavior.cpp.o[0m
[ 75%] Built target decision
In file included from [01m[K/home/robo/RoboFEI-HT_2023_SOFTWARE/src/decision_pkg_cpp/src/robot_behavior.cpp:4[m[K:
[01m[K/home/robo/RoboFEI-HT_2023_SOFTWARE/src/decision_pkg_cpp/src/decision_node.cpp:[m[K In member function â€˜[01m[Kvoid DecisionNode::feedback_callback(rclcpp_action::ClientGoalHandle<custom_interfaces::action::Control>::SharedPtr, std::shared_ptr<const custom_interfaces::action::Control_Feedback_<std::allocator<void> > >)[m[Kâ€™:
[01m[K/home/robo/RoboFEI-HT_2023_SOFTWARE/src/decision_pkg_cpp/src/decision_node.cpp:253:59:[m[K [01;35m[Kwarning: [m[Kunused parameter â€˜[01m[Kfeedback[m[Kâ€™ [[01;35m[K]8;;https://gcc.gnu.org/onlinedocs/gcc/Warning-Options.html#index-Wunused-parameter-Wunused-parameter]8;;[m[K]
  253 |   [01;35m[Kconst std::shared_ptr<const ControlActionMsg::Feedback> feedback[m[K)
      |   [01;35m[K~~~~~~~~~~~~~~~~~~~~~~~~~~~~~~~~~~~~~~~~~~~~~~~~~~~~~~~~^~~~~~~~[m[K
[01m[K/home/robo/RoboFEI-HT_2023_SOFTWARE/src/decision_pkg_cpp/src/robot_behavior.cpp:[m[K In member function â€˜[01m[Kbool RobotBehavior::ball_in_camera_center()[m[Kâ€™:
[01m[K/home/robo/RoboFEI-HT_2023_SOFTWARE/src/decision_pkg_cpp/src/robot_behavior.cpp:368:40:[m[K [01;31m[Kerror: [m[Kâ€˜[01m[Kusing Vision = struct custom_interfaces::msg::Vision_<std::allocator<void> >[m[Kâ€™ {aka â€˜[01m[Kstruct custom_interfaces::msg::Vision_<std::allocator<void> >[m[Kâ€™} has no member named â€˜[01m[Kcenter[m[Kâ€™
  368 |     return (robot.camera_ball_position.[01;31m[Kcenter[m[K) && robot.camera_ball_position.med;
      |                                        [01;31m[K^~~~~~[m[K
[01m[K/home/robo/RoboFEI-HT_2023_SOFTWARE/src/decision_pkg_cpp/src/robot_behavior.cpp:[m[K In member function â€˜[01m[Kbool RobotBehavior::robot_align_with_the_ball()[m[Kâ€™:
[01m[K/home/robo/RoboFEI-HT_2023_SOFTWARE/src/decision_pkg_cpp/src/robot_behavior.cpp:271:1:[m[K [01;35m[Kwarning: [m[Kcontrol reaches end of non-void function [[01;35m[K]8;;https://gcc.gnu.org/onlinedocs/gcc/Warning-Options.html#index-Wreturn-type-Wreturn-type]8;;[m[K]
  271 | [01;35m[K}[m[K
      | [01;35m[K^[m[K
gmake[2]: *** [CMakeFiles/robot_behavior.dir/build.make:76: CMakeFiles/robot_behavior.dir/src/robot_behavior.cpp.o] Error 1
gmake[1]: *** [CMakeFiles/Makefile2:165: CMakeFiles/robot_behavior.dir/all] Error 2
gmake: *** [Makefile:146: all] Error 2
