[0.331s] Invoking command in '/home/robo/RoboFEI-HT_2023_SOFTWARE/build/decision_pkg_cpp': CMAKE_PREFIX_PATH=/home/robo/RoboFEI-HT_2023_SOFTWARE/install/custom_interfaces:/home/robo/RoboFEI-HT_2023_SOFTWARE/install/um7:/home/robo/RoboFEI-HT_2023_SOFTWARE/install/robot_bringup:/home/robo/RoboFEI-HT_2023_SOFTWARE/install/control:/home/robo/RoboFEI-HT_2023_SOFTWARE/install/serial:/home/robo/RoboFEI-HT_2023_SOFTWARE/install/motors_pkg:/home/robo/RoboFEI-HT_2023_SOFTWARE/install/gui:/home/robo/RoboFEI-HT_2023_SOFTWARE/install/decision_pkg_cpp:/home/robo/RoboFEI-HT_2023_SOFTWARE/install/vision_pkg:/home/robo/RoboFEI-HT_2023_SOFTWARE/install/localization_pkg:/home/robo/RoboFEI-HT_2023_SOFTWARE/install/imu:/home/robo/RoboFEI-HT_2023_SOFTWARE/install/game_controller:/home/robo/RoboFEI-HT_2023_SOFTWARE/install/decision_pkg:/opt/ros/humble LD_LIBRARY_PATH=/home/robo/RoboFEI-HT_2023_SOFTWARE/install/custom_interfaces/lib:/home/robo/RoboFEI-HT_2023_SOFTWARE/install/um7/lib:/home/robo/RoboFEI-HT_2023_SOFTWARE/install/control/lib:/home/robo/RoboFEI-HT_2023_SOFTWARE/install/serial/lib:/opt/ros/humble/opt/rviz_ogre_vendor/lib:/opt/ros/humble/lib/x86_64-linux-gnu:/opt/ros/humble/lib /usr/bin/cmake --build /home/robo/RoboFEI-HT_2023_SOFTWARE/build/decision_pkg_cpp -- -j8 -l8
[0.427s] [35m[1mConsolidate compiler generated dependencies of target robot_behavior[0m
[0.428s] [35m[1mConsolidate compiler generated dependencies of target decision[0m
[0.469s] [ 25%] [32mBuilding CXX object CMakeFiles/decision.dir/src/decision_node.cpp.o[0m
[0.470s] [ 50%] [32mBuilding CXX object CMakeFiles/robot_behavior.dir/src/robot_behavior.cpp.o[0m
[6.093s] [01m[K/home/robo/RoboFEI-HT_2023_SOFTWARE/src/decision_pkg_cpp/src/decision_node.cpp:[m[K In member function â€˜[01m[Kvoid DecisionNode::feedback_callback(rclcpp_action::ClientGoalHandle<custom_interfaces::action::Control>::SharedPtr, std::shared_ptr<const custom_interfaces::action::Control_Feedback_<std::allocator<void> > >)[m[Kâ€™:
[6.093s] [01m[K/home/robo/RoboFEI-HT_2023_SOFTWARE/src/decision_pkg_cpp/src/decision_node.cpp:253:59:[m[K [01;35m[Kwarning: [m[Kunused parameter â€˜[01m[Kfeedback[m[Kâ€™ [[01;35m[K]8;;https://gcc.gnu.org/onlinedocs/gcc/Warning-Options.html#index-Wunused-parameter-Wunused-parameter]8;;[m[K]
[6.095s]   253 |   [01;35m[Kconst std::shared_ptr<const ControlActionMsg::Feedback> feedback[m[K)
[6.095s]       |   [01;35m[K~~~~~~~~~~~~~~~~~~~~~~~~~~~~~~~~~~~~~~~~~~~~~~~~~~~~~~~~^~~~~~~~[m[K
[9.570s] In file included from [01m[K/home/robo/RoboFEI-HT_2023_SOFTWARE/src/decision_pkg_cpp/src/robot_behavior.cpp:4[m[K:
[9.574s] [01m[K/home/robo/RoboFEI-HT_2023_SOFTWARE/src/decision_pkg_cpp/src/decision_node.cpp:[m[K In member function â€˜[01m[Kvoid DecisionNode::feedback_callback(rclcpp_action::ClientGoalHandle<custom_interfaces::action::Control>::SharedPtr, std::shared_ptr<const custom_interfaces::action::Control_Feedback_<std::allocator<void> > >)[m[Kâ€™:
[9.574s] [01m[K/home/robo/RoboFEI-HT_2023_SOFTWARE/src/decision_pkg_cpp/src/decision_node.cpp:253:59:[m[K [01;35m[Kwarning: [m[Kunused parameter â€˜[01m[Kfeedback[m[Kâ€™ [[01;35m[K]8;;https://gcc.gnu.org/onlinedocs/gcc/Warning-Options.html#index-Wunused-parameter-Wunused-parameter]8;;[m[K]
[9.575s]   253 |   [01;35m[Kconst std::shared_ptr<const ControlActionMsg::Feedback> feedback[m[K)
[9.576s]       |   [01;35m[K~~~~~~~~~~~~~~~~~~~~~~~~~~~~~~~~~~~~~~~~~~~~~~~~~~~~~~~~^~~~~~~~[m[K
[9.659s] [01m[K/home/robo/RoboFEI-HT_2023_SOFTWARE/src/decision_pkg_cpp/src/robot_behavior.cpp:[m[K In member function â€˜[01m[Kvoid RobotBehavior::player_penalty()[m[Kâ€™:
[9.660s] [01m[K/home/robo/RoboFEI-HT_2023_SOFTWARE/src/decision_pkg_cpp/src/robot_behavior.cpp:218:34:[m[K [01;31m[Kerror: [m[Kâ€˜[01m[Kright_kick_to_right[m[Kâ€™ was not declared in this scope
[9.661s]   218 |             if(robot.movement != [01;31m[Kright_kick_to_right[m[K) send_goal(right_kick_to_right);
[9.661s]       |                                  [01;31m[K^~~~~~~~~~~~~~~~~~~[m[K
[9.688s] [01m[K/home/robo/RoboFEI-HT_2023_SOFTWARE/src/decision_pkg_cpp/src/robot_behavior.cpp:227:34:[m[K [01;31m[Kerror: [m[Kâ€˜[01m[Kleft_kick_to_left[m[Kâ€™ was not declared in this scope; did you mean â€˜[01m[Kneck_to_left[m[Kâ€™?
[9.689s]   227 |             if(robot.movement != [01;31m[Kleft_kick_to_left[m[K) send_goal(left_kick_to_left);
[9.689s]       |                                  [01;31m[K^~~~~~~~~~~~~~~~~[m[K
[9.690s]       |                                  [32m[Kneck_to_left[m[K
[25.317s] [01m[K/home/robo/RoboFEI-HT_2023_SOFTWARE/src/decision_pkg_cpp/src/robot_behavior.cpp:[m[K In member function â€˜[01m[Kbool RobotBehavior::robot_align_with_the_ball()[m[Kâ€™:
[25.317s] [01m[K/home/robo/RoboFEI-HT_2023_SOFTWARE/src/decision_pkg_cpp/src/robot_behavior.cpp:271:1:[m[K [01;35m[Kwarning: [m[Kcontrol reaches end of non-void function [[01;35m[K]8;;https://gcc.gnu.org/onlinedocs/gcc/Warning-Options.html#index-Wreturn-type-Wreturn-type]8;;[m[K]
[25.317s]   271 | [01;35m[K}[m[K
[25.317s]       | [01;35m[K^[m[K
[25.427s] gmake[2]: *** [CMakeFiles/robot_behavior.dir/build.make:76: CMakeFiles/robot_behavior.dir/src/robot_behavior.cpp.o] Error 1
[25.427s] gmake[1]: *** [CMakeFiles/Makefile2:165: CMakeFiles/robot_behavior.dir/all] Error 2
[25.427s] gmake[1]: *** Waiting for unfinished jobs....
[33.495s] [ 75%] [32m[1mLinking CXX static library libdecision.a[0m
[33.891s] [ 75%] Built target decision
[33.893s] gmake: *** [Makefile:146: all] Error 2
[33.906s] Invoked command in '/home/robo/RoboFEI-HT_2023_SOFTWARE/build/decision_pkg_cpp' returned '2': CMAKE_PREFIX_PATH=/home/robo/RoboFEI-HT_2023_SOFTWARE/install/custom_interfaces:/home/robo/RoboFEI-HT_2023_SOFTWARE/install/um7:/home/robo/RoboFEI-HT_2023_SOFTWARE/install/robot_bringup:/home/robo/RoboFEI-HT_2023_SOFTWARE/install/control:/home/robo/RoboFEI-HT_2023_SOFTWARE/install/serial:/home/robo/RoboFEI-HT_2023_SOFTWARE/install/motors_pkg:/home/robo/RoboFEI-HT_2023_SOFTWARE/install/gui:/home/robo/RoboFEI-HT_2023_SOFTWARE/install/decision_pkg_cpp:/home/robo/RoboFEI-HT_2023_SOFTWARE/install/vision_pkg:/home/robo/RoboFEI-HT_2023_SOFTWARE/install/localization_pkg:/home/robo/RoboFEI-HT_2023_SOFTWARE/install/imu:/home/robo/RoboFEI-HT_2023_SOFTWARE/install/game_controller:/home/robo/RoboFEI-HT_2023_SOFTWARE/install/decision_pkg:/opt/ros/humble LD_LIBRARY_PATH=/home/robo/RoboFEI-HT_2023_SOFTWARE/install/custom_interfaces/lib:/home/robo/RoboFEI-HT_2023_SOFTWARE/install/um7/lib:/home/robo/RoboFEI-HT_2023_SOFTWARE/install/control/lib:/home/robo/RoboFEI-HT_2023_SOFTWARE/install/serial/lib:/opt/ros/humble/opt/rviz_ogre_vendor/lib:/opt/ros/humble/lib/x86_64-linux-gnu:/opt/ros/humble/lib /usr/bin/cmake --build /home/robo/RoboFEI-HT_2023_SOFTWARE/build/decision_pkg_cpp -- -j8 -l8
