[0.358s] Invoking command in '/home/robo/RoboFEI-HT_2023_SOFTWARE/build/decision_pkg_cpp': CMAKE_PREFIX_PATH=/home/robo/RoboFEI-HT_2023_SOFTWARE/install/custom_interfaces:/home/robo/RoboFEI-HT_2023_SOFTWARE/install/um7:/home/robo/RoboFEI-HT_2023_SOFTWARE/install/robot_bringup:/home/robo/RoboFEI-HT_2023_SOFTWARE/install/control:/home/robo/RoboFEI-HT_2023_SOFTWARE/install/serial:/home/robo/RoboFEI-HT_2023_SOFTWARE/install/motors_pkg:/home/robo/RoboFEI-HT_2023_SOFTWARE/install/gui:/home/robo/RoboFEI-HT_2023_SOFTWARE/install/decision_pkg_cpp:/home/robo/RoboFEI-HT_2023_SOFTWARE/install/vision_pkg:/home/robo/RoboFEI-HT_2023_SOFTWARE/install/localization_pkg:/home/robo/RoboFEI-HT_2023_SOFTWARE/install/imu:/home/robo/RoboFEI-HT_2023_SOFTWARE/install/game_controller:/home/robo/RoboFEI-HT_2023_SOFTWARE/install/decision_pkg:/opt/ros/humble LD_LIBRARY_PATH=/home/robo/RoboFEI-HT_2023_SOFTWARE/install/custom_interfaces/lib:/home/robo/RoboFEI-HT_2023_SOFTWARE/install/um7/lib:/home/robo/RoboFEI-HT_2023_SOFTWARE/install/control/lib:/home/robo/RoboFEI-HT_2023_SOFTWARE/install/serial/lib:/opt/ros/humble/opt/rviz_ogre_vendor/lib:/opt/ros/humble/lib/x86_64-linux-gnu:/opt/ros/humble/lib /usr/bin/cmake --build /home/robo/RoboFEI-HT_2023_SOFTWARE/build/decision_pkg_cpp -- -j8 -l8
[0.470s] [35m[1mConsolidate compiler generated dependencies of target decision[0m
[0.478s] [35m[1mConsolidate compiler generated dependencies of target robot_behavior[0m
[0.514s] [ 25%] [32mBuilding CXX object CMakeFiles/decision.dir/src/decision_node.cpp.o[0m
[0.539s] [ 50%] [32mBuilding CXX object CMakeFiles/robot_behavior.dir/src/robot_behavior.cpp.o[0m
[7.365s] [01m[K/home/robo/RoboFEI-HT_2023_SOFTWARE/src/decision_pkg_cpp/src/decision_node.cpp:[m[K In member function â€˜[01m[Kvoid DecisionNode::feedback_callback(rclcpp_action::ClientGoalHandle<custom_interfaces::action::Control>::SharedPtr, std::shared_ptr<const custom_interfaces::action::Control_Feedback_<std::allocator<void> > >)[m[Kâ€™:
[7.365s] [01m[K/home/robo/RoboFEI-HT_2023_SOFTWARE/src/decision_pkg_cpp/src/decision_node.cpp:253:59:[m[K [01;35m[Kwarning: [m[Kunused parameter â€˜[01m[Kfeedback[m[Kâ€™ [[01;35m[K]8;;https://gcc.gnu.org/onlinedocs/gcc/Warning-Options.html#index-Wunused-parameter-Wunused-parameter]8;;[m[K]
[7.366s]   253 |   [01;35m[Kconst std::shared_ptr<const ControlActionMsg::Feedback> feedback[m[K)
[7.366s]       |   [01;35m[K~~~~~~~~~~~~~~~~~~~~~~~~~~~~~~~~~~~~~~~~~~~~~~~~~~~~~~~~^~~~~~~~[m[K
[10.245s] In file included from [01m[K/home/robo/RoboFEI-HT_2023_SOFTWARE/src/decision_pkg_cpp/src/robot_behavior.cpp:4[m[K:
[10.246s] [01m[K/home/robo/RoboFEI-HT_2023_SOFTWARE/src/decision_pkg_cpp/src/decision_node.cpp:[m[K In member function â€˜[01m[Kvoid DecisionNode::feedback_callback(rclcpp_action::ClientGoalHandle<custom_interfaces::action::Control>::SharedPtr, std::shared_ptr<const custom_interfaces::action::Control_Feedback_<std::allocator<void> > >)[m[Kâ€™:
[10.247s] [01m[K/home/robo/RoboFEI-HT_2023_SOFTWARE/src/decision_pkg_cpp/src/decision_node.cpp:253:59:[m[K [01;35m[Kwarning: [m[Kunused parameter â€˜[01m[Kfeedback[m[Kâ€™ [[01;35m[K]8;;https://gcc.gnu.org/onlinedocs/gcc/Warning-Options.html#index-Wunused-parameter-Wunused-parameter]8;;[m[K]
[10.247s]   253 |   [01;35m[Kconst std::shared_ptr<const ControlActionMsg::Feedback> feedback[m[K)
[10.248s]       |   [01;35m[K~~~~~~~~~~~~~~~~~~~~~~~~~~~~~~~~~~~~~~~~~~~~~~~~~~~~~~~~^~~~~~~~[m[K
[10.337s] [01m[K/home/robo/RoboFEI-HT_2023_SOFTWARE/src/decision_pkg_cpp/src/robot_behavior.cpp:[m[K In member function â€˜[01m[Kvoid RobotBehavior::player_penalty()[m[Kâ€™:
[10.338s] [01m[K/home/robo/RoboFEI-HT_2023_SOFTWARE/src/decision_pkg_cpp/src/robot_behavior.cpp:218:34:[m[K [01;31m[Kerror: [m[Kâ€˜[01m[Kright_kick_to_right[m[Kâ€™ was not declared in this scope
[10.338s]   218 |             if(robot.movement != [01;31m[Kright_kick_to_right[m[K) send_goal(right_kick_to_right);
[10.339s]       |                                  [01;31m[K^~~~~~~~~~~~~~~~~~~[m[K
[10.383s] [01m[K/home/robo/RoboFEI-HT_2023_SOFTWARE/src/decision_pkg_cpp/src/robot_behavior.cpp:227:34:[m[K [01;31m[Kerror: [m[Kâ€˜[01m[Kleft_kick_to_left[m[Kâ€™ was not declared in this scope; did you mean â€˜[01m[Kneck_to_left[m[Kâ€™?
[10.384s]   227 |             if(robot.movement != [01;31m[Kleft_kick_to_left[m[K) send_goal(left_kick_to_left);
[10.385s]       |                                  [01;31m[K^~~~~~~~~~~~~~~~~[m[K
[10.388s]       |                                  [32m[Kneck_to_left[m[K
[10.393s] [01m[K/home/robo/RoboFEI-HT_2023_SOFTWARE/src/decision_pkg_cpp/src/robot_behavior.cpp:[m[K In member function â€˜[01m[Kbool RobotBehavior::ball_in_camera_center()[m[Kâ€™:
[10.394s] [01m[K/home/robo/RoboFEI-HT_2023_SOFTWARE/src/decision_pkg_cpp/src/robot_behavior.cpp:368:40:[m[K [01;31m[Kerror: [m[Kâ€˜[01m[Kusing Vision = struct custom_interfaces::msg::Vision_<std::allocator<void> >[m[Kâ€™ {aka â€˜[01m[Kstruct custom_interfaces::msg::Vision_<std::allocator<void> >[m[Kâ€™} has no member named â€˜[01m[Kcenter[m[Kâ€™
[10.394s]   368 |     return (robot.camera_ball_position.[01;31m[Kcenter[m[K) && robot.camera_ball_position.med;
[10.395s]       |                                        [01;31m[K^~~~~~[m[K
[23.757s] [01m[K/home/robo/RoboFEI-HT_2023_SOFTWARE/src/decision_pkg_cpp/src/robot_behavior.cpp:[m[K In member function â€˜[01m[Kbool RobotBehavior::robot_align_with_the_ball()[m[Kâ€™:
[23.757s] [01m[K/home/robo/RoboFEI-HT_2023_SOFTWARE/src/decision_pkg_cpp/src/robot_behavior.cpp:271:1:[m[K [01;35m[Kwarning: [m[Kcontrol reaches end of non-void function [[01;35m[K]8;;https://gcc.gnu.org/onlinedocs/gcc/Warning-Options.html#index-Wreturn-type-Wreturn-type]8;;[m[K]
[23.757s]   271 | [01;35m[K}[m[K
[23.757s]       | [01;35m[K^[m[K
[23.844s] gmake[2]: *** [CMakeFiles/robot_behavior.dir/build.make:76: CMakeFiles/robot_behavior.dir/src/robot_behavior.cpp.o] Error 1
[23.847s] gmake[1]: *** [CMakeFiles/Makefile2:165: CMakeFiles/robot_behavior.dir/all] Error 2
[23.847s] gmake[1]: *** Waiting for unfinished jobs....
[31.130s] [ 75%] [32m[1mLinking CXX static library libdecision.a[0m
[31.497s] [ 75%] Built target decision
[31.499s] gmake: *** [Makefile:146: all] Error 2
